<?xml version="1.0" encoding="UTF-8"?>
<!-- Generated by org.testng.reporters.JUnitXMLReporter -->
<testsuite ignored="0" hostname="DESKTOP-RKEN1OE" failures="1" tests="2" name="Test-Edge" time="28.099" errors="0" timestamp="2025-06-18T13:19:32 IST">
  <testcase classname="inventoryTest.AddProductToCartTest" name="sample" time="0.009">
    <failure type="java.lang.AssertionError" message="null">
      <![CDATA[java.lang.AssertionError: null
at inventoryTest.AddProductToCartTest.sample(AddProductToCartTest.java:53)
at java.base/java.util.ArrayList.forEach(ArrayList.java:1511)
at java.base/java.util.concurrent.FutureTask.run(FutureTask.java:264)
at java.base/java.util.concurrent.ThreadPoolExecutor.runWorker(ThreadPoolExecutor.java:1136)
at java.base/java.util.concurrent.ThreadPoolExecutor$Worker.run(ThreadPoolExecutor.java:635)
at java.base/java.lang.Thread.run(Thread.java:833)
... Removed 19 stack frames]]>
    </failure>
  </testcase> <!-- sample -->
  <testcase classname="inventoryTest.AddProductToCartTest" name="tc_001AddProductToCartTest" time="2.844"/>
</testsuite> <!-- Test-Edge -->
